example/android/app/property(org.gradle.api.file.Directory, fixed(class org.gradle.api.internal.file.DefaultFilePropertyFactory$FixedDirectory, /Users/ajanuszko/Developer/Projects/flutter_jailbreak_detection/example/build))/app/intermediates/manifest_merge_blame_file/debug/processDebugMainManifest/manifest-merger-blame-debug-report.txt
1<?xml version="1.0" encoding="utf-8"?>
2<manifest xmlns:android="http://schemas.android.com/apk/res/android"
3    package="appmire.be.flutterjailbreakdetectionexample"
4    android:versionCode="1"
5    android:versionName="1.0" >
6
7    <uses-sdk
8        android:minSdkVersion="21"
9        android:targetSdkVersion="34" />
10
11    <!--
12         The INTERNET permission is required for development. Specifically,
13         flutter needs it to communicate with the running application
14         to allow setting breakpoints, to provide hot reload, etc.
15    -->
16    <uses-permission android:name="android.permission.INTERNET" />
16-->src/main/AndroidManifest.xml:8:5-66
16-->src/main/AndroidManifest.xml:8:22-64
17
18    <meta-data
18-->src/main/AndroidManifest.xml:39:5-41:29
19        android:name="flutterEmbedding"
19-->src/main/AndroidManifest.xml:40:9-40
20        android:value="2" />
20-->src/main/AndroidManifest.xml:41:9-26
21
22    <permission
22-->[androidx.core:core:1.13.1] AndroidManifest.xml:22:5-24:47
23        android:name="appmire.be.flutterjailbreakdetectionexample.DYNAMIC_RECEIVER_NOT_EXPORTED_PERMISSION"
23-->[androidx.core:core:1.13.1] AndroidManifest.xml:23:9-81
24        android:protectionLevel="signature" />
24-->[androidx.core:core:1.13.1] AndroidManifest.xml:24:9-44
25
26    <uses-permission android:name="appmire.be.flutterjailbreakdetectionexample.DYNAMIC_RECEIVER_NOT_EXPORTED_PERMISSION" />
26-->[androidx.core:core:1.13.1] AndroidManifest.xml:26:5-97
26-->[androidx.core:core:1.13.1] AndroidManifest.xml:26:22-94
27    <!--
28 io.flutter.app.FlutterApplication is an android.app.Application that
29         calls FlutterMain.startInitialization(this); in its onCreate method.
30         In most cases you can leave this as-is, but you if you want to provide
31         additional functionality it is fine to subclass or reimplement
32         FlutterApplication and put your custom class here.
33    -->
34    <application
34-->src/main/AndroidManifest.xml:15:5-38:19
35        android:appComponentFactory="androidx.core.app.CoreComponentFactory"
35-->[androidx.core:core:1.13.1] AndroidManifest.xml:28:18-86
36        android:debuggable="true"
37        android:extractNativeLibs="true"
38        android:icon="@mipmap/ic_launcher"
38-->src/main/AndroidManifest.xml:17:9-43
39        android:label="flutter_jailbreak_detection_example"
39-->src/main/AndroidManifest.xml:16:9-60
40        android:testOnly="true" >
41        <activity
41-->src/main/AndroidManifest.xml:18:9-37:20
42            android:name="appmire.be.flutterjailbreakdetectionexample.MainActivity"
42-->src/main/AndroidManifest.xml:19:13-41
43            android:configChanges="orientation|keyboardHidden|keyboard|screenSize|locale|layoutDirection|fontScale|screenLayout|density"
43-->src/main/AndroidManifest.xml:23:13-137
44            android:exported="true"
44-->src/main/AndroidManifest.xml:22:13-36
45            android:hardwareAccelerated="true"
45-->src/main/AndroidManifest.xml:24:13-47
46            android:launchMode="singleTop"
46-->src/main/AndroidManifest.xml:20:13-43
47            android:theme="@style/LaunchTheme"
47-->src/main/AndroidManifest.xml:21:13-47
48            android:windowSoftInputMode="adjustResize" >
48-->src/main/AndroidManifest.xml:25:13-55
49
50            <!--
51                 This keeps the window background of the activity showing
52                 until Flutter renders its first frame. It can be removed if
53                 there is no splash screen (such as the default splash screen
54                 defined in @style/LaunchTheme).
55            -->
56            <meta-data
56-->src/main/AndroidManifest.xml:30:13-32:40
57                android:name="io.flutter.app.android.SplashScreenUntilFirstFrame"
57-->src/main/AndroidManifest.xml:31:17-82
58                android:value="true" />
58-->src/main/AndroidManifest.xml:32:17-37
59
60            <intent-filter>
60-->src/main/AndroidManifest.xml:33:13-36:29
61                <action android:name="android.intent.action.MAIN" />
61-->src/main/AndroidManifest.xml:34:17-68
61-->src/main/AndroidManifest.xml:34:25-66
62
63                <category android:name="android.intent.category.LAUNCHER" />
63-->src/main/AndroidManifest.xml:35:17-76
63-->src/main/AndroidManifest.xml:35:27-74
64            </intent-filter>
65        </activity>
66
67        <uses-library
67-->[androidx.window:window:1.2.0] AndroidManifest.xml:23:9-25:40
68            android:name="androidx.window.extensions"
68-->[androidx.window:window:1.2.0] AndroidManifest.xml:24:13-54
69            android:required="false" />
69-->[androidx.window:window:1.2.0] AndroidManifest.xml:25:13-37
70        <uses-library
70-->[androidx.window:window:1.2.0] AndroidManifest.xml:26:9-28:40
71            android:name="androidx.window.sidecar"
71-->[androidx.window:window:1.2.0] AndroidManifest.xml:27:13-51
72            android:required="false" />
72-->[androidx.window:window:1.2.0] AndroidManifest.xml:28:13-37
73
74        <provider
74-->[androidx.lifecycle:lifecycle-process:2.7.0] AndroidManifest.xml:24:9-32:20
75            android:name="androidx.startup.InitializationProvider"
75-->[androidx.lifecycle:lifecycle-process:2.7.0] AndroidManifest.xml:25:13-67
76            android:authorities="appmire.be.flutterjailbreakdetectionexample.androidx-startup"
76-->[androidx.lifecycle:lifecycle-process:2.7.0] AndroidManifest.xml:26:13-68
77            android:exported="false" >
77-->[androidx.lifecycle:lifecycle-process:2.7.0] AndroidManifest.xml:27:13-37
78            <meta-data
78-->[androidx.lifecycle:lifecycle-process:2.7.0] AndroidManifest.xml:29:13-31:52
79                android:name="androidx.lifecycle.ProcessLifecycleInitializer"
79-->[androidx.lifecycle:lifecycle-process:2.7.0] AndroidManifest.xml:30:17-78
80                android:value="androidx.startup" />
80-->[androidx.lifecycle:lifecycle-process:2.7.0] AndroidManifest.xml:31:17-49
81            <meta-data
81-->[androidx.profileinstaller:profileinstaller:1.3.1] AndroidManifest.xml:29:13-31:52
82                android:name="androidx.profileinstaller.ProfileInstallerInitializer"
82-->[androidx.profileinstaller:profileinstaller:1.3.1] AndroidManifest.xml:30:17-85
83                android:value="androidx.startup" />
83-->[androidx.profileinstaller:profileinstaller:1.3.1] AndroidManifest.xml:31:17-49
84        </provider>
85
86        <receiver
86-->[androidx.profileinstaller:profileinstaller:1.3.1] AndroidManifest.xml:34:9-52:20
87            android:name="androidx.profileinstaller.ProfileInstallReceiver"
87-->[androidx.profileinstaller:profileinstaller:1.3.1] AndroidManifest.xml:35:13-76
88            android:directBootAware="false"
88-->[androidx.profileinstaller:profileinstaller:1.3.1] AndroidManifest.xml:36:13-44
89            android:enabled="true"
89-->[androidx.profileinstaller:profileinstaller:1.3.1] AndroidManifest.xml:37:13-35
90            android:exported="true"
90-->[androidx.profileinstaller:profileinstaller:1.3.1] AndroidManifest.xml:38:13-36
91            android:permission="android.permission.DUMP" >
91-->[androidx.profileinstaller:profileinstaller:1.3.1] AndroidManifest.xml:39:13-57
92            <intent-filter>
92-->[androidx.profileinstaller:profileinstaller:1.3.1] AndroidManifest.xml:40:13-42:29
93                <action android:name="androidx.profileinstaller.action.INSTALL_PROFILE" />
93-->[androidx.profileinstaller:profileinstaller:1.3.1] AndroidManifest.xml:41:17-91
93-->[androidx.profileinstaller:profileinstaller:1.3.1] AndroidManifest.xml:41:25-88
94            </intent-filter>
95            <intent-filter>
95-->[androidx.profileinstaller:profileinstaller:1.3.1] AndroidManifest.xml:43:13-45:29
96                <action android:name="androidx.profileinstaller.action.SKIP_FILE" />
96-->[androidx.profileinstaller:profileinstaller:1.3.1] AndroidManifest.xml:44:17-85
96-->[androidx.profileinstaller:profileinstaller:1.3.1] AndroidManifest.xml:44:25-82
97            </intent-filter>
98            <intent-filter>
98-->[androidx.profileinstaller:profileinstaller:1.3.1] AndroidManifest.xml:46:13-48:29
99                <action android:name="androidx.profileinstaller.action.SAVE_PROFILE" />
99-->[androidx.profileinstaller:profileinstaller:1.3.1] AndroidManifest.xml:47:17-88
99-->[androidx.profileinstaller:profileinstaller:1.3.1] AndroidManifest.xml:47:25-85
100            </intent-filter>
101            <intent-filter>
101-->[androidx.profileinstaller:profileinstaller:1.3.1] AndroidManifest.xml:49:13-51:29
102                <action android:name="androidx.profileinstaller.action.BENCHMARK_OPERATION" />
102-->[androidx.profileinstaller:profileinstaller:1.3.1] AndroidManifest.xml:50:17-95
102-->[androidx.profileinstaller:profileinstaller:1.3.1] AndroidManifest.xml:50:25-92
103            </intent-filter>
104        </receiver>
105    </application>
106
107</manifest>